Case #1: 2 3
Case #2: 1 4
Case #3: 4 5
Case #4: 7 86
Case #5: 31 53
Case #6: 20 306
Case #7: 1 475
Case #8: 12 55
Case #9: 48 51
Case #10: 2 51
Case #11: 1 458
Case #12: 51 64
Case #13: 8 629
Case #14: 5 535
Case #15: 3 195
Case #16: 4 952
Case #17: 18 49
Case #18: 7 32
Case #19: 14 875
Case #20: 15 727
Case #21: 1 1096
Case #22: 1 507
Case #23: 2 735
Case #24: 51 76
Case #25: 35 64
Case #26: 10 189
Case #27: 1 254
Case #28: 1 736
Case #29: 3 308
Case #30: 2 809
Case #31: 13 483
Case #32: 1 581
Case #33: 2 157
Case #34: 51 86
Case #35: 2 306
Case #36: 1 255
Case #37: 7 81
Case #38: 1 791
Case #39: 51 91
Case #40: 4 526
Case #41: 27 68
Case #42: 2 195
Case #43: 40 75
Case #44: 3 790
Case #45: 1 802
Case #46: 4 867
Case #47: 4 526
Case #48: 6 47
Case #49: 14 54
Case #50: 2 629
